生成启动时间为 2019/8/22 11:23:12。
     1>项目“E:\VS\c++\RSA项目\RSA项目\RSA项目.vcxproj”在节点 2 上(Rebuild 个目标)。
     1>ClCompile:
         E:\vs2013\VC\bin\CL.exe /c /ZI /nologo /W3 /WX- /sdl /Od /Oy- /D _UNICODE /D UNICODE /Gm /EHsc /RTC1 /MDd /GS /fp:precise /Zc:wchar_t /Zc:forScope /Fo"Debug\\" /Fd"Debug\vc120.pdb" /Gd /TP /analyze- /errorReport:prompt RSA.cpp test.cpp
         test.cpp
     1>e:\vs\c++\rsa项目\rsa项目\test.cpp(9): warning C4244: “参数”: 从“__int64”转换到“long”，可能丢失数据
     1>e:\vs\c++\rsa项目\rsa项目\test.cpp(10): warning C4244: “参数”: 从“__int64”转换到“long”，可能丢失数据
     1>e:\vs\c++\rsa项目\rsa项目\test.cpp(20): warning C4244: “参数”: 从“__int64”转换到“long”，可能丢失数据
     1>e:\vs\c++\rsa项目\rsa项目\test.cpp(21): warning C4244: “参数”: 从“__int64”转换到“long”，可能丢失数据
         RSA.cpp
     1>e:\vs\c++\rsa项目\rsa项目\rsa.cpp(27): warning C4244: “=”: 从“std::streamsize”转换到“int”，可能丢失数据
     1>e:\vs\c++\rsa项目\rsa项目\rsa.cpp(55): warning C4244: “=”: 从“std::streamsize”转换到“int”，可能丢失数据
     1>e:\vs\c++\rsa项目\rsa项目\rsa.cpp(110): warning C4244: “参数”: 从“time_t”转换到“unsigned int”，可能丢失数据
     1>e:\vs\c++\rsa项目\rsa项目\rsa.cpp(141): warning C4244: “参数”: 从“__int64”转换到“long”，可能丢失数据
     1>e:\vs\c++\rsa项目\rsa项目\rsa.cpp(157): warning C4244: “参数”: 从“time_t”转换到“unsigned int”，可能丢失数据
         正在生成代码...
       Link:
         E:\vs2013\VC\bin\link.exe /ERRORREPORT:PROMPT /OUT:"E:\VS\c++\RSA项目\Debug\RSA项目.exe" /INCREMENTAL /NOLOGO kernel32.lib user32.lib gdi32.lib winspool.lib comdlg32.lib advapi32.lib shell32.lib ole32.lib oleaut32.lib uuid.lib odbc32.lib odbccp32.lib /MANIFEST /MANIFESTUAC:"level='asInvoker' uiAccess='false'" /manifest:embed /DEBUG /PDB:"E:\VS\c++\RSA项目\Debug\RSA项目.pdb" /TLBID:1 /DYNAMICBASE /NXCOMPAT /IMPLIB:"E:\VS\c++\RSA项目\Debug\RSA项目.lib" /MACHINE:X86 Debug\RSA.obj
         Debug\test.obj
         RSA项目.vcxproj -> E:\VS\c++\RSA项目\Debug\RSA项目.exe
     1>已完成生成项目“E:\VS\c++\RSA项目\RSA项目\RSA项目.vcxproj”(Rebuild 个目标)的操作。

生成成功。

已用时间 00:00:02.65
